<?xml version="1.0" encoding="UTF-8"?>
<!-- Generated by org.testng.reporters.JUnitReportReporter -->
<testsuite hostname="DESKTOP-R2SDR03" failures="0" tests="4" name="runners.TestRunner" time="5.189" errors="0" timestamp="2024-10-20T21:10:06 IST" skipped="0">
  <testcase classname="runners.TestRunner" name="runScenario" time="0.227"/>
  <testcase classname="runners.TestRunner" name="runScenario" time="3.333"/>
  <testcase classname="runners.TestRunner" name="runScenario" time="0.688"/>
  <testcase classname="runners.TestRunner" name="runScenario" time="0.941"/>
</testsuite> <!-- runners.TestRunner -->
